This file contains any messages produced by compilers while
running configure, to aid debugging if configure makes a mistake.

It was created by synctest configure V742, which was
generated by GNU Autoconf 2.69.  Invocation command line was

  $ ./configure 

## --------- ##
## Platform. ##
## --------- ##

hostname = crilindaq-gargiulo
uname -m = x86_64
uname -r = 5.14.0-570.24.1.el9_6.x86_64
uname -s = Linux
uname -v = #1 SMP PREEMPT_DYNAMIC Tue Jul 1 04:35:16 EDT 2025

/usr/bin/uname -p = x86_64
/bin/uname -X     = unknown

/bin/arch              = x86_64
/usr/bin/arch -k       = unknown
/usr/convex/getsysinfo = unknown
/usr/bin/hostinfo      = unknown
/bin/machine           = unknown
/usr/bin/oslevel       = unknown
/bin/universe          = unknown

PATH: /home/crilin/crilinDAQ/padme-fw/PadmeMC/bin/Linux-g++
PATH: /cvmfs/geant4.cern.ch/geant4/11.3.ref01/x86_64-el9-gcc11-optdeb/bin
PATH: /cvmfs/geant4.cern.ch/geant4/11.3.ref01/x86_64-el9-gcc11-optdeb/bin
PATH: /cvmfs/sft.cern.ch/lcg/app/releases/ROOT/6.34.04/x86_64-almalinux9.5-gcc115-opt/bin
PATH: /cvmfs/sft.cern.ch/lcg/releases/gcc/11.3.0-de683/x86_64-el9/bin
PATH: /cvmfs/sft.cern.ch/lcg/releases/binutils/2.40-acaab/x86_64-el9/bin
PATH: /home/crilin/crilinDAQ/padme-fw/PadmeMC/bin/Linux-g++
PATH: /cvmfs/geant4.cern.ch/geant4/11.3.ref01/x86_64-el9-gcc11-optdeb/bin
PATH: /cvmfs/geant4.cern.ch/geant4/11.3.ref01/x86_64-el9-gcc11-optdeb/bin
PATH: /cvmfs/sft.cern.ch/lcg/releases/gcc/11.3.0-de683/x86_64-el9/bin
PATH: /cvmfs/sft.cern.ch/lcg/releases/binutils/2.40-acaab/x86_64-el9/bin
PATH: /home/crilin/geant4_workdir/bin/Linux-g++
PATH: /cvmfs/geant4.cern.ch/geant4/11.3.ref01/x86_64-el9-gcc11-optdeb/bin
PATH: /cvmfs/geant4.cern.ch/geant4/11.3.ref01/x86_64-el9-gcc11-optdeb/bin
PATH: /cvmfs/sft.cern.ch/lcg/releases/gcc/11.3.0-de683/x86_64-el9/bin
PATH: /cvmfs/sft.cern.ch/lcg/releases/binutils/2.40-acaab/x86_64-el9/bin
PATH: /home/crilin/.local/bin
PATH: /home/crilin/bin
PATH: /usr/share/Modules/bin
PATH: /usr/local/bin
PATH: /usr/local/sbin
PATH: /usr/bin
PATH: /usr/sbin


## ----------- ##
## Core tests. ##
## ----------- ##

configure:2202: checking for a BSD-compatible install
configure:2270: result: /usr/bin/install -c
configure:2281: checking whether build environment is sane
configure:2336: result: yes
configure:2487: checking for a thread-safe mkdir -p
configure:2526: result: /usr/bin/mkdir -p
configure:2533: checking for gawk
configure:2549: found /usr/bin/gawk
configure:2560: result: gawk
configure:2571: checking whether make sets $(MAKE)
configure:2593: result: yes
configure:2622: checking whether make supports nested variables
configure:2639: result: yes
configure:2817: checking for gcc
configure:2844: result: /cvmfs/sft.cern.ch/lcg/releases/gcc/11.3.0-de683/x86_64-el9/bin/gcc
configure:3073: checking for C compiler version
configure:3082: /cvmfs/sft.cern.ch/lcg/releases/gcc/11.3.0-de683/x86_64-el9/bin/gcc --version >&5
gcc (GCC) 11.3.0
Copyright (C) 2021 Free Software Foundation, Inc.
This is free software; see the source for copying conditions.  There is NO
warranty; not even for MERCHANTABILITY or FITNESS FOR A PARTICULAR PURPOSE.

configure:3093: $? = 0
configure:3082: /cvmfs/sft.cern.ch/lcg/releases/gcc/11.3.0-de683/x86_64-el9/bin/gcc -v >&5
Using built-in specs.
COLLECT_GCC=/cvmfs/sft.cern.ch/lcg/releases/gcc/11.3.0-de683/x86_64-el9/bin/gcc
COLLECT_LTO_WRAPPER=/cvmfs/sft.cern.ch/lcg/releases/gcc/11.3.0-de683/x86_64-el9/bin/../libexec/gcc/x86_64-pc-linux-gnu/11.3.0/lto-wrapper
Target: x86_64-pc-linux-gnu
Configured with: /workspace/build/contrib/gcc-11.3.0/src/gcc/11.3.0/configure --prefix=/workspace/lcgcmake-install/gcc/11.3.0/x86_64-el9 --disable-nls --with-system-zlib --disable-multilib --enable-languages=all --with-gnu-ld --with-gnu-as --enable-__cxa_atexit --disable-libunwind-exceptions --enable-gnu-unique-object --enable-plugin --with-linker-hash-style=gnu --enable-linker-build-id --enable-libstdcxx-time=rt --enable-shared --disable-libgcj
Thread model: posix
Supported LTO compression algorithms: zlib zstd
gcc version 11.3.0 (GCC) 
configure:3093: $? = 0
configure:3082: /cvmfs/sft.cern.ch/lcg/releases/gcc/11.3.0-de683/x86_64-el9/bin/gcc -V >&5
gcc: error: unrecognized command-line option '-V'
gcc: fatal error: no input files
compilation terminated.
configure:3093: $? = 1
configure:3082: /cvmfs/sft.cern.ch/lcg/releases/gcc/11.3.0-de683/x86_64-el9/bin/gcc -qversion >&5
gcc: error: unrecognized command-line option '-qversion'; did you mean '--version'?
gcc: fatal error: no input files
compilation terminated.
configure:3093: $? = 1
configure:3113: checking whether the C compiler works
configure:3135: /cvmfs/sft.cern.ch/lcg/releases/gcc/11.3.0-de683/x86_64-el9/bin/gcc    conftest.c  >&5
configure:3139: $? = 0
configure:3187: result: yes
configure:3190: checking for C compiler default output file name
configure:3192: result: a.out
configure:3198: checking for suffix of executables
configure:3205: /cvmfs/sft.cern.ch/lcg/releases/gcc/11.3.0-de683/x86_64-el9/bin/gcc -o conftest    conftest.c  >&5
configure:3209: $? = 0
configure:3231: result: 
configure:3253: checking whether we are cross compiling
configure:3261: /cvmfs/sft.cern.ch/lcg/releases/gcc/11.3.0-de683/x86_64-el9/bin/gcc -o conftest    conftest.c  >&5
configure:3265: $? = 0
configure:3272: ./conftest
configure:3276: $? = 0
configure:3291: result: no
configure:3296: checking for suffix of object files
configure:3318: /cvmfs/sft.cern.ch/lcg/releases/gcc/11.3.0-de683/x86_64-el9/bin/gcc -c   conftest.c >&5
configure:3322: $? = 0
configure:3343: result: o
configure:3347: checking whether we are using the GNU C compiler
configure:3366: /cvmfs/sft.cern.ch/lcg/releases/gcc/11.3.0-de683/x86_64-el9/bin/gcc -c   conftest.c >&5
configure:3366: $? = 0
configure:3375: result: yes
configure:3384: checking whether /cvmfs/sft.cern.ch/lcg/releases/gcc/11.3.0-de683/x86_64-el9/bin/gcc accepts -g
configure:3404: /cvmfs/sft.cern.ch/lcg/releases/gcc/11.3.0-de683/x86_64-el9/bin/gcc -c -g  conftest.c >&5
configure:3404: $? = 0
configure:3445: result: yes
configure:3462: checking for /cvmfs/sft.cern.ch/lcg/releases/gcc/11.3.0-de683/x86_64-el9/bin/gcc option to accept ISO C89
configure:3525: /cvmfs/sft.cern.ch/lcg/releases/gcc/11.3.0-de683/x86_64-el9/bin/gcc  -c -g -O2  conftest.c >&5
configure:3525: $? = 0
configure:3538: result: none needed
configure:3563: checking whether /cvmfs/sft.cern.ch/lcg/releases/gcc/11.3.0-de683/x86_64-el9/bin/gcc understands -c and -o together
configure:3585: /cvmfs/sft.cern.ch/lcg/releases/gcc/11.3.0-de683/x86_64-el9/bin/gcc -c conftest.c -o conftest2.o
configure:3588: $? = 0
configure:3585: /cvmfs/sft.cern.ch/lcg/releases/gcc/11.3.0-de683/x86_64-el9/bin/gcc -c conftest.c -o conftest2.o
configure:3588: $? = 0
configure:3600: result: yes
configure:3628: checking for style of include used by make
configure:3656: result: GNU
configure:3682: checking dependency style of /cvmfs/sft.cern.ch/lcg/releases/gcc/11.3.0-de683/x86_64-el9/bin/gcc
configure:3793: result: gcc3
configure:3819: checking how to run the C preprocessor
configure:3850: /cvmfs/sft.cern.ch/lcg/releases/gcc/11.3.0-de683/x86_64-el9/bin/gcc -E  conftest.c
configure:3850: $? = 0
configure:3864: /cvmfs/sft.cern.ch/lcg/releases/gcc/11.3.0-de683/x86_64-el9/bin/gcc -E  conftest.c
conftest.c:12:10: fatal error: ac_nonexistent.h: No such file or directory
   12 | #include <ac_nonexistent.h>
      |          ^~~~~~~~~~~~~~~~~~
compilation terminated.
configure:3864: $? = 1
configure: failed program was:
| /* confdefs.h */
| #define PACKAGE_NAME "synctest"
| #define PACKAGE_TARNAME "synctest"
| #define PACKAGE_VERSION "V742"
| #define PACKAGE_STRING "synctest V742"
| #define PACKAGE_BUGREPORT "support.computing@caen.it"
| #define PACKAGE_URL ""
| #define PACKAGE "synctest"
| #define VERSION "V742"
| #define LINUX 1
| /* end confdefs.h.  */
| #include <ac_nonexistent.h>
configure:3889: result: /cvmfs/sft.cern.ch/lcg/releases/gcc/11.3.0-de683/x86_64-el9/bin/gcc -E
configure:3909: /cvmfs/sft.cern.ch/lcg/releases/gcc/11.3.0-de683/x86_64-el9/bin/gcc -E  conftest.c
configure:3909: $? = 0
configure:3923: /cvmfs/sft.cern.ch/lcg/releases/gcc/11.3.0-de683/x86_64-el9/bin/gcc -E  conftest.c
conftest.c:12:10: fatal error: ac_nonexistent.h: No such file or directory
   12 | #include <ac_nonexistent.h>
      |          ^~~~~~~~~~~~~~~~~~
compilation terminated.
configure:3923: $? = 1
configure: failed program was:
| /* confdefs.h */
| #define PACKAGE_NAME "synctest"
| #define PACKAGE_TARNAME "synctest"
| #define PACKAGE_VERSION "V742"
| #define PACKAGE_STRING "synctest V742"
| #define PACKAGE_BUGREPORT "support.computing@caen.it"
| #define PACKAGE_URL ""
| #define PACKAGE "synctest"
| #define VERSION "V742"
| #define LINUX 1
| /* end confdefs.h.  */
| #include <ac_nonexistent.h>
configure:3952: checking for grep that handles long lines and -e
configure:4010: result: /usr/bin/grep
configure:4015: checking for egrep
configure:4077: result: /usr/bin/grep -E
configure:4082: checking for ANSI C header files
configure:4102: /cvmfs/sft.cern.ch/lcg/releases/gcc/11.3.0-de683/x86_64-el9/bin/gcc -c -g -O2  conftest.c >&5
configure:4102: $? = 0
configure:4175: /cvmfs/sft.cern.ch/lcg/releases/gcc/11.3.0-de683/x86_64-el9/bin/gcc -o conftest -g -O2   conftest.c  >&5
configure:4175: $? = 0
configure:4175: ./conftest
configure:4175: $? = 0
configure:4186: result: yes
configure:4199: checking for sys/types.h
configure:4199: /cvmfs/sft.cern.ch/lcg/releases/gcc/11.3.0-de683/x86_64-el9/bin/gcc -c -g -O2  conftest.c >&5
configure:4199: $? = 0
configure:4199: result: yes
configure:4199: checking for sys/stat.h
configure:4199: /cvmfs/sft.cern.ch/lcg/releases/gcc/11.3.0-de683/x86_64-el9/bin/gcc -c -g -O2  conftest.c >&5
configure:4199: $? = 0
configure:4199: result: yes
configure:4199: checking for stdlib.h
configure:4199: /cvmfs/sft.cern.ch/lcg/releases/gcc/11.3.0-de683/x86_64-el9/bin/gcc -c -g -O2  conftest.c >&5
configure:4199: $? = 0
configure:4199: result: yes
configure:4199: checking for string.h
configure:4199: /cvmfs/sft.cern.ch/lcg/releases/gcc/11.3.0-de683/x86_64-el9/bin/gcc -c -g -O2  conftest.c >&5
configure:4199: $? = 0
configure:4199: result: yes
configure:4199: checking for memory.h
configure:4199: /cvmfs/sft.cern.ch/lcg/releases/gcc/11.3.0-de683/x86_64-el9/bin/gcc -c -g -O2  conftest.c >&5
configure:4199: $? = 0
configure:4199: result: yes
configure:4199: checking for strings.h
configure:4199: /cvmfs/sft.cern.ch/lcg/releases/gcc/11.3.0-de683/x86_64-el9/bin/gcc -c -g -O2  conftest.c >&5
configure:4199: $? = 0
configure:4199: result: yes
configure:4199: checking for inttypes.h
configure:4199: /cvmfs/sft.cern.ch/lcg/releases/gcc/11.3.0-de683/x86_64-el9/bin/gcc -c -g -O2  conftest.c >&5
configure:4199: $? = 0
configure:4199: result: yes
configure:4199: checking for stdint.h
configure:4199: /cvmfs/sft.cern.ch/lcg/releases/gcc/11.3.0-de683/x86_64-el9/bin/gcc -c -g -O2  conftest.c >&5
configure:4199: $? = 0
configure:4199: result: yes
configure:4199: checking for unistd.h
configure:4199: /cvmfs/sft.cern.ch/lcg/releases/gcc/11.3.0-de683/x86_64-el9/bin/gcc -c -g -O2  conftest.c >&5
configure:4199: $? = 0
configure:4199: result: yes
configure:4211: checking CAENDigitizer.h usability
configure:4211: /cvmfs/sft.cern.ch/lcg/releases/gcc/11.3.0-de683/x86_64-el9/bin/gcc -c -g -O2  conftest.c >&5
configure:4211: $? = 0
configure:4211: result: yes
configure:4211: checking CAENDigitizer.h presence
configure:4211: /cvmfs/sft.cern.ch/lcg/releases/gcc/11.3.0-de683/x86_64-el9/bin/gcc -E  conftest.c
configure:4211: $? = 0
configure:4211: result: yes
configure:4211: checking for CAENDigitizer.h
configure:4211: result: yes
configure:4219: checking CAENDigitizerType.h usability
configure:4219: /cvmfs/sft.cern.ch/lcg/releases/gcc/11.3.0-de683/x86_64-el9/bin/gcc -c -g -O2  conftest.c >&5
configure:4219: $? = 0
configure:4219: result: yes
configure:4219: checking CAENDigitizerType.h presence
configure:4219: /cvmfs/sft.cern.ch/lcg/releases/gcc/11.3.0-de683/x86_64-el9/bin/gcc -E  conftest.c
configure:4219: $? = 0
configure:4219: result: yes
configure:4219: checking for CAENDigitizerType.h
configure:4219: result: yes
configure:4227: checking for CAEN_DGTZ_LoadSAMCorrectionData in -lCAENDigitizer
configure:4252: /cvmfs/sft.cern.ch/lcg/releases/gcc/11.3.0-de683/x86_64-el9/bin/gcc -o conftest -g -O2   conftest.c -lCAENDigitizer   >&5
configure:4252: $? = 0
configure:4261: result: yes
configure:4269: checking for CAEN_DGTZ_USB_A4818 in CAENDigitizerType.h
configure:4295: result: CAENDigitizerType.h
configure:4313: checking for gnuplot
configure:4329: found /usr/local/bin/gnuplot
configure:4341: result: ok
configure:4360: WARNING: 
configure:4363: checking for ANSI C header files
configure:4467: result: yes
configure:4478: checking malloc.h usability
configure:4478: /cvmfs/sft.cern.ch/lcg/releases/gcc/11.3.0-de683/x86_64-el9/bin/gcc -c -g -O2  conftest.c >&5
configure:4478: $? = 0
configure:4478: result: yes
configure:4478: checking malloc.h presence
configure:4478: /cvmfs/sft.cern.ch/lcg/releases/gcc/11.3.0-de683/x86_64-el9/bin/gcc -E  conftest.c
configure:4478: $? = 0
configure:4478: result: yes
configure:4478: checking for malloc.h
configure:4478: result: yes
configure:4478: checking for stdint.h
configure:4478: result: yes
configure:4478: checking for stdlib.h
configure:4478: result: yes
configure:4478: checking for string.h
configure:4478: result: yes
configure:4478: checking sys/time.h usability
configure:4478: /cvmfs/sft.cern.ch/lcg/releases/gcc/11.3.0-de683/x86_64-el9/bin/gcc -c -g -O2  conftest.c >&5
configure:4478: $? = 0
configure:4478: result: yes
configure:4478: checking sys/time.h presence
configure:4478: /cvmfs/sft.cern.ch/lcg/releases/gcc/11.3.0-de683/x86_64-el9/bin/gcc -E  conftest.c
configure:4478: $? = 0
configure:4478: result: yes
configure:4478: checking for sys/time.h
configure:4478: result: yes
configure:4478: checking sys/timeb.h usability
configure:4478: /cvmfs/sft.cern.ch/lcg/releases/gcc/11.3.0-de683/x86_64-el9/bin/gcc -c -g -O2  conftest.c >&5
configure:4478: $? = 0
configure:4478: result: yes
configure:4478: checking sys/timeb.h presence
configure:4478: /cvmfs/sft.cern.ch/lcg/releases/gcc/11.3.0-de683/x86_64-el9/bin/gcc -E  conftest.c
configure:4478: $? = 0
configure:4478: result: yes
configure:4478: checking for sys/timeb.h
configure:4478: result: yes
configure:4478: checking termios.h usability
configure:4478: /cvmfs/sft.cern.ch/lcg/releases/gcc/11.3.0-de683/x86_64-el9/bin/gcc -c -g -O2  conftest.c >&5
configure:4478: $? = 0
configure:4478: result: yes
configure:4478: checking termios.h presence
configure:4478: /cvmfs/sft.cern.ch/lcg/releases/gcc/11.3.0-de683/x86_64-el9/bin/gcc -E  conftest.c
configure:4478: $? = 0
configure:4478: result: yes
configure:4478: checking for termios.h
configure:4478: result: yes
configure:4478: checking for unistd.h
configure:4478: result: yes
configure:4490: checking for an ANSI C-conforming const
configure:4556: /cvmfs/sft.cern.ch/lcg/releases/gcc/11.3.0-de683/x86_64-el9/bin/gcc -c -g -O2  conftest.c >&5
configure:4556: $? = 0
configure:4563: result: yes
configure:4571: checking whether time.h and sys/time.h may both be included
configure:4591: /cvmfs/sft.cern.ch/lcg/releases/gcc/11.3.0-de683/x86_64-el9/bin/gcc -c -g -O2  conftest.c >&5
configure:4591: $? = 0
configure:4598: result: yes
configure:4610: checking for stdlib.h
configure:4610: result: yes
configure:4620: checking for GNU libc compatible malloc
configure:4644: /cvmfs/sft.cern.ch/lcg/releases/gcc/11.3.0-de683/x86_64-el9/bin/gcc -o conftest -g -O2   conftest.c  >&5
configure:4644: $? = 0
configure:4644: ./conftest
configure:4644: $? = 0
configure:4654: result: yes
configure:4678: checking sys/select.h usability
configure:4678: /cvmfs/sft.cern.ch/lcg/releases/gcc/11.3.0-de683/x86_64-el9/bin/gcc -c -g -O2  conftest.c >&5
configure:4678: $? = 0
configure:4678: result: yes
configure:4678: checking sys/select.h presence
configure:4678: /cvmfs/sft.cern.ch/lcg/releases/gcc/11.3.0-de683/x86_64-el9/bin/gcc -E  conftest.c
configure:4678: $? = 0
configure:4678: result: yes
configure:4678: checking for sys/select.h
configure:4678: result: yes
configure:4678: checking sys/socket.h usability
configure:4678: /cvmfs/sft.cern.ch/lcg/releases/gcc/11.3.0-de683/x86_64-el9/bin/gcc -c -g -O2  conftest.c >&5
configure:4678: $? = 0
configure:4678: result: yes
configure:4678: checking sys/socket.h presence
configure:4678: /cvmfs/sft.cern.ch/lcg/releases/gcc/11.3.0-de683/x86_64-el9/bin/gcc -E  conftest.c
configure:4678: $? = 0
configure:4678: result: yes
configure:4678: checking for sys/socket.h
configure:4678: result: yes
configure:4688: checking types of arguments for select
configure:4716: /cvmfs/sft.cern.ch/lcg/releases/gcc/11.3.0-de683/x86_64-el9/bin/gcc -c -g -O2  conftest.c >&5
configure:4716: $? = 0
configure:4727: result: int,fd_set *,struct timeval *
configure:4753: checking for atexit
configure:4753: /cvmfs/sft.cern.ch/lcg/releases/gcc/11.3.0-de683/x86_64-el9/bin/gcc -o conftest -g -O2   conftest.c  >&5
configure:4753: $? = 0
configure:4753: result: yes
configure:4753: checking for gettimeofday
configure:4753: /cvmfs/sft.cern.ch/lcg/releases/gcc/11.3.0-de683/x86_64-el9/bin/gcc -o conftest -g -O2   conftest.c  >&5
configure:4753: $? = 0
configure:4753: result: yes
configure:4753: checking for memset
configure:4753: /cvmfs/sft.cern.ch/lcg/releases/gcc/11.3.0-de683/x86_64-el9/bin/gcc -o conftest -g -O2   conftest.c  >&5
conftest.c:64:6: warning: conflicting types for built-in function 'memset'; expected 'void *(void *, int,  long unsigned int)' [-Wbuiltin-declaration-mismatch]
   64 | char memset ();
      |      ^~~~~~
conftest.c:52:1: note: 'memset' is declared in header '<string.h>'
   51 | # include <limits.h>
   52 | #else
configure:4753: $? = 0
configure:4753: result: yes
configure:4753: checking for pow
configure:4753: /cvmfs/sft.cern.ch/lcg/releases/gcc/11.3.0-de683/x86_64-el9/bin/gcc -o conftest -g -O2   conftest.c  >&5
conftest.c:65:6: warning: conflicting types for built-in function 'pow'; expected 'double(double,  double)' [-Wbuiltin-declaration-mismatch]
   65 | char pow ();
      |      ^~~
conftest.c:53:1: note: 'pow' is declared in header '<math.h>'
   52 | # include <limits.h>
   53 | #else
/cvmfs/sft.cern.ch/lcg/releases/binutils/2.40-acaab/x86_64-el9/bin/ld: /tmp/ccFIKQkW.o: in function `main':
/home/crilin/DAQBackup/synctest-V742/conftest.c:76: undefined reference to `pow'
collect2: error: ld returned 1 exit status
configure:4753: $? = 1
configure: failed program was:
| /* confdefs.h */
| #define PACKAGE_NAME "synctest"
| #define PACKAGE_TARNAME "synctest"
| #define PACKAGE_VERSION "V742"
| #define PACKAGE_STRING "synctest V742"
| #define PACKAGE_BUGREPORT "support.computing@caen.it"
| #define PACKAGE_URL ""
| #define PACKAGE "synctest"
| #define VERSION "V742"
| #define LINUX 1
| #define STDC_HEADERS 1
| #define HAVE_SYS_TYPES_H 1
| #define HAVE_SYS_STAT_H 1
| #define HAVE_STDLIB_H 1
| #define HAVE_STRING_H 1
| #define HAVE_MEMORY_H 1
| #define HAVE_STRINGS_H 1
| #define HAVE_INTTYPES_H 1
| #define HAVE_STDINT_H 1
| #define HAVE_UNISTD_H 1
| #define STDC_HEADERS 1
| #define HAVE_MALLOC_H 1
| #define HAVE_STDINT_H 1
| #define HAVE_STDLIB_H 1
| #define HAVE_STRING_H 1
| #define HAVE_SYS_TIME_H 1
| #define HAVE_SYS_TIMEB_H 1
| #define HAVE_TERMIOS_H 1
| #define HAVE_UNISTD_H 1
| #define TIME_WITH_SYS_TIME 1
| #define HAVE_STDLIB_H 1
| #define HAVE_MALLOC 1
| #define HAVE_SYS_SELECT_H 1
| #define HAVE_SYS_SOCKET_H 1
| #define SELECT_TYPE_ARG1 int
| #define SELECT_TYPE_ARG234 (fd_set *)
| #define SELECT_TYPE_ARG5 (struct timeval *)
| #define HAVE_ATEXIT 1
| #define HAVE_GETTIMEOFDAY 1
| #define HAVE_MEMSET 1
| /* end confdefs.h.  */
| /* Define pow to an innocuous variant, in case <limits.h> declares pow.
|    For example, HP-UX 11i <limits.h> declares gettimeofday.  */
| #define pow innocuous_pow
| 
| /* System header to define __stub macros and hopefully few prototypes,
|     which can conflict with char pow (); below.
|     Prefer <limits.h> to <assert.h> if __STDC__ is defined, since
|     <limits.h> exists even on freestanding compilers.  */
| 
| #ifdef __STDC__
| # include <limits.h>
| #else
| # include <assert.h>
| #endif
| 
| #undef pow
| 
| /* Override any GCC internal prototype to avoid an error.
|    Use char because int might match the return type of a GCC
|    builtin and then its argument prototype would still apply.  */
| #ifdef __cplusplus
| extern "C"
| #endif
| char pow ();
| /* The GNU C library defines this for functions which it implements
|     to always fail with ENOSYS.  Some functions are actually named
|     something starting with __ and the normal name is an alias.  */
| #if defined __stub_pow || defined __stub___pow
| choke me
| #endif
| 
| int
| main ()
| {
| return pow ();
|   ;
|   return 0;
| }
configure:4753: result: no
configure:4753: checking for select
configure:4753: /cvmfs/sft.cern.ch/lcg/releases/gcc/11.3.0-de683/x86_64-el9/bin/gcc -o conftest -g -O2   conftest.c  >&5
configure:4753: $? = 0
configure:4753: result: yes
configure:4753: checking for strstr
configure:4753: /cvmfs/sft.cern.ch/lcg/releases/gcc/11.3.0-de683/x86_64-el9/bin/gcc -o conftest -g -O2   conftest.c  >&5
conftest.c:66:6: warning: conflicting types for built-in function 'strstr'; expected 'char *(const char *, const char *)' [-Wbuiltin-declaration-mismatch]
   66 | char strstr ();
      |      ^~~~~~
conftest.c:54:1: note: 'strstr' is declared in header '<string.h>'
   53 | # include <limits.h>
   54 | #else
configure:4753: $? = 0
configure:4753: result: yes
configure:4766: checking for gnuplot
configure:4782: found /usr/local/bin/gnuplot
configure:4794: result: yes
configure:4942: checking that generated files are newer than configure
configure:4948: result: done
configure:4971: creating ./config.status

## ---------------------- ##
## Running config.status. ##
## ---------------------- ##

This file was extended by synctest config.status V742, which was
generated by GNU Autoconf 2.69.  Invocation command line was

  CONFIG_FILES    = 
  CONFIG_HEADERS  = 
  CONFIG_LINKS    = 
  CONFIG_COMMANDS = 
  $ ./config.status 

on crilindaq-gargiulo

config.status:783: creating Makefile
config.status:783: creating src/Makefile
config.status:955: executing depfiles commands

## ---------------- ##
## Cache variables. ##
## ---------------- ##

ac_cv_c_compiler_gnu=yes
ac_cv_c_const=yes
ac_cv_env_CC_set=set
ac_cv_env_CC_value=/cvmfs/sft.cern.ch/lcg/releases/gcc/11.3.0-de683/x86_64-el9/bin/gcc
ac_cv_env_CFLAGS_set=
ac_cv_env_CFLAGS_value=
ac_cv_env_CPPFLAGS_set=
ac_cv_env_CPPFLAGS_value=
ac_cv_env_CPP_set=
ac_cv_env_CPP_value=
ac_cv_env_LDFLAGS_set=
ac_cv_env_LDFLAGS_value=
ac_cv_env_LIBS_set=
ac_cv_env_LIBS_value=
ac_cv_env_build_alias_set=
ac_cv_env_build_alias_value=
ac_cv_env_host_alias_set=
ac_cv_env_host_alias_value=
ac_cv_env_target_alias_set=
ac_cv_env_target_alias_value=
ac_cv_func_atexit=yes
ac_cv_func_gettimeofday=yes
ac_cv_func_malloc_0_nonnull=yes
ac_cv_func_memset=yes
ac_cv_func_pow=no
ac_cv_func_select=yes
ac_cv_func_select_args='int,fd_set *,struct timeval *'
ac_cv_func_strstr=yes
ac_cv_header_CAENDigitizerType_h=yes
ac_cv_header_CAENDigitizer_h=yes
ac_cv_header_inttypes_h=yes
ac_cv_header_malloc_h=yes
ac_cv_header_memory_h=yes
ac_cv_header_stdc=yes
ac_cv_header_stdint_h=yes
ac_cv_header_stdlib_h=yes
ac_cv_header_string_h=yes
ac_cv_header_strings_h=yes
ac_cv_header_sys_select_h=yes
ac_cv_header_sys_socket_h=yes
ac_cv_header_sys_stat_h=yes
ac_cv_header_sys_time_h=yes
ac_cv_header_sys_timeb_h=yes
ac_cv_header_sys_types_h=yes
ac_cv_header_termios_h=yes
ac_cv_header_time=yes
ac_cv_header_unistd_h=yes
ac_cv_lib_CAENDigitizer_REQ_DGTZ_FUNCTION=yes
ac_cv_objext=o
ac_cv_path_EGREP='/usr/bin/grep -E'
ac_cv_path_GREP=/usr/bin/grep
ac_cv_path_install='/usr/bin/install -c'
ac_cv_path_mkdir=/usr/bin/mkdir
ac_cv_prog_AWK=gawk
ac_cv_prog_CPP='/cvmfs/sft.cern.ch/lcg/releases/gcc/11.3.0-de683/x86_64-el9/bin/gcc -E'
ac_cv_prog_GNUPLOT=ok
ac_cv_prog_HAVE_GNUPLOT=yes
ac_cv_prog_ac_ct_CC=/cvmfs/sft.cern.ch/lcg/releases/gcc/11.3.0-de683/x86_64-el9/bin/gcc
ac_cv_prog_cc_c89=
ac_cv_prog_cc_g=yes
ac_cv_prog_make_make_set=yes
am_cv_CC_dependencies_compiler_type=gcc3
am_cv_make_support_nested_variables=yes
am_cv_prog_cc_c_o=yes

## ----------------- ##
## Output variables. ##
## ----------------- ##

ACLOCAL='${SHELL} /home/crilin/DAQBackup/synctest-V742/missing aclocal-1.15'
AMDEPBACKSLASH='\'
AMDEP_FALSE='#'
AMDEP_TRUE=''
AMTAR='$${TAR-tar}'
AM_BACKSLASH='\'
AM_DEFAULT_V='$(AM_DEFAULT_VERBOSITY)'
AM_DEFAULT_VERBOSITY='1'
AM_V='$(V)'
AUTOCONF='${SHELL} /home/crilin/DAQBackup/synctest-V742/missing autoconf'
AUTOHEADER='${SHELL} /home/crilin/DAQBackup/synctest-V742/missing autoheader'
AUTOMAKE='${SHELL} /home/crilin/DAQBackup/synctest-V742/missing automake-1.15'
AWK='gawk'
CC='/cvmfs/sft.cern.ch/lcg/releases/gcc/11.3.0-de683/x86_64-el9/bin/gcc'
CCDEPMODE='depmode=gcc3'
CFLAGS='-g -O2'
CPP='/cvmfs/sft.cern.ch/lcg/releases/gcc/11.3.0-de683/x86_64-el9/bin/gcc -E'
CPPFLAGS=''
CYGPATH_W='echo'
DEFS='-DPACKAGE_NAME=\"synctest\" -DPACKAGE_TARNAME=\"synctest\" -DPACKAGE_VERSION=\"V742\" -DPACKAGE_STRING=\"synctest\ V742\" -DPACKAGE_BUGREPORT=\"support.computing@caen.it\" -DPACKAGE_URL=\"\" -DPACKAGE=\"synctest\" -DVERSION=\"V742\" -DLINUX=1 -DSTDC_HEADERS=1 -DHAVE_SYS_TYPES_H=1 -DHAVE_SYS_STAT_H=1 -DHAVE_STDLIB_H=1 -DHAVE_STRING_H=1 -DHAVE_MEMORY_H=1 -DHAVE_STRINGS_H=1 -DHAVE_INTTYPES_H=1 -DHAVE_STDINT_H=1 -DHAVE_UNISTD_H=1 -DSTDC_HEADERS=1 -DHAVE_MALLOC_H=1 -DHAVE_STDINT_H=1 -DHAVE_STDLIB_H=1 -DHAVE_STRING_H=1 -DHAVE_SYS_TIME_H=1 -DHAVE_SYS_TIMEB_H=1 -DHAVE_TERMIOS_H=1 -DHAVE_UNISTD_H=1 -DTIME_WITH_SYS_TIME=1 -DHAVE_STDLIB_H=1 -DHAVE_MALLOC=1 -DHAVE_SYS_SELECT_H=1 -DHAVE_SYS_SOCKET_H=1 -DSELECT_TYPE_ARG1=int -DSELECT_TYPE_ARG234=\(fd_set\ \*\) -DSELECT_TYPE_ARG5=\(struct\ timeval\ \*\) -DHAVE_ATEXIT=1 -DHAVE_GETTIMEOFDAY=1 -DHAVE_MEMSET=1 -DHAVE_SELECT=1 -DHAVE_STRSTR=1'
DEPDIR='.deps'
ECHO_C=''
ECHO_N='-n'
ECHO_T=''
EGREP='/usr/bin/grep -E'
EXEEXT=''
GNUPLOT='ok'
GREP='/usr/bin/grep'
HAVE_GNUPLOT='yes'
INSTALL_DATA='${INSTALL} -m 644'
INSTALL_PROGRAM='${INSTALL}'
INSTALL_SCRIPT='${INSTALL}'
INSTALL_STRIP_PROGRAM='$(install_sh) -c -s'
LDFLAGS=''
LIBOBJS=''
LIBS=''
LTLIBOBJS=''
MAKEINFO='${SHELL} /home/crilin/DAQBackup/synctest-V742/missing makeinfo'
MKDIR_P='/usr/bin/mkdir -p'
OBJEXT='o'
PACKAGE='synctest'
PACKAGE_BUGREPORT='support.computing@caen.it'
PACKAGE_NAME='synctest'
PACKAGE_STRING='synctest V742'
PACKAGE_TARNAME='synctest'
PACKAGE_URL=''
PACKAGE_VERSION='V742'
PATH_SEPARATOR=':'
SET_MAKE=''
SHELL='/bin/sh'
STRIP=''
VERSION='V742'
ac_ct_CC='/cvmfs/sft.cern.ch/lcg/releases/gcc/11.3.0-de683/x86_64-el9/bin/gcc'
am__EXEEXT_FALSE=''
am__EXEEXT_TRUE='#'
am__fastdepCC_FALSE='#'
am__fastdepCC_TRUE=''
am__include='include'
am__isrc=''
am__leading_dot='.'
am__nodep='_no'
am__quote=''
am__tar='$${TAR-tar} chof - "$$tardir"'
am__untar='$${TAR-tar} xf -'
bindir='${exec_prefix}/bin'
build_alias=''
datadir='${datarootdir}'
datarootdir='${prefix}/share'
docdir='${datarootdir}/doc/${PACKAGE_TARNAME}'
dvidir='${docdir}'
exec_prefix='${prefix}'
host_alias=''
htmldir='${docdir}'
includedir='${prefix}/include'
infodir='${datarootdir}/info'
install_sh='${SHELL} /home/crilin/DAQBackup/synctest-V742/install-sh'
libdir='${exec_prefix}/lib'
libexecdir='${exec_prefix}/libexec'
localedir='${datarootdir}/locale'
localstatedir='${prefix}/var'
mandir='${datarootdir}/man'
mkdir_p='$(MKDIR_P)'
oldincludedir='/usr/include'
pdfdir='${docdir}'
prefix='/usr/local'
program_transform_name='s,x,x,'
psdir='${docdir}'
runstatedir='${localstatedir}/run'
sbindir='${exec_prefix}/sbin'
sharedstatedir='${prefix}/com'
sysconfdir='${prefix}/etc'
target_alias=''

## ----------- ##
## confdefs.h. ##
## ----------- ##

/* confdefs.h */
#define PACKAGE_NAME "synctest"
#define PACKAGE_TARNAME "synctest"
#define PACKAGE_VERSION "V742"
#define PACKAGE_STRING "synctest V742"
#define PACKAGE_BUGREPORT "support.computing@caen.it"
#define PACKAGE_URL ""
#define PACKAGE "synctest"
#define VERSION "V742"
#define LINUX 1
#define STDC_HEADERS 1
#define HAVE_SYS_TYPES_H 1
#define HAVE_SYS_STAT_H 1
#define HAVE_STDLIB_H 1
#define HAVE_STRING_H 1
#define HAVE_MEMORY_H 1
#define HAVE_STRINGS_H 1
#define HAVE_INTTYPES_H 1
#define HAVE_STDINT_H 1
#define HAVE_UNISTD_H 1
#define STDC_HEADERS 1
#define HAVE_MALLOC_H 1
#define HAVE_STDINT_H 1
#define HAVE_STDLIB_H 1
#define HAVE_STRING_H 1
#define HAVE_SYS_TIME_H 1
#define HAVE_SYS_TIMEB_H 1
#define HAVE_TERMIOS_H 1
#define HAVE_UNISTD_H 1
#define TIME_WITH_SYS_TIME 1
#define HAVE_STDLIB_H 1
#define HAVE_MALLOC 1
#define HAVE_SYS_SELECT_H 1
#define HAVE_SYS_SOCKET_H 1
#define SELECT_TYPE_ARG1 int
#define SELECT_TYPE_ARG234 (fd_set *)
#define SELECT_TYPE_ARG5 (struct timeval *)
#define HAVE_ATEXIT 1
#define HAVE_GETTIMEOFDAY 1
#define HAVE_MEMSET 1
#define HAVE_SELECT 1
#define HAVE_STRSTR 1

configure: exit 0
